2022-05-17 17:36:45.872793: info-->message has been sent to the email 
 id = hriiskesh.neogi@gmail.com
2022-05-17 17:36:49.164304 message has been sent to the email 
 id = rubin.309@gmail.com
2022-05-17 17:36:49.165287: info-->message has been sent to the email 
 id = rubin.309@gmail.com
2022-05-17 17:36:52.309293 message has been sent to the email 
 id = abniu@gmail.com
2022-05-17 17:36:52.310080: info-->message has been sent to the email 
 id = abniu@gmail.com
2022-05-17 17:36:55.291036 message has been sent to the email 
 id = abcd@gmail.com
2022-05-17 17:36:55.292211: info-->message has been sent to the email 
 id = abcd@gmail.com
2022-05-17 17:36:55.294100 message has been sent to the email 
 id = abcd@gmail.com
2022-05-17 17:36:55.294995: info-->message has been sent to the email 
 id = abcd@gmail.com
2022-05-17 17:43:47.504563 message has been sent to the email 
 id = hriiskesh.neogi@gmail.com
2022-05-17 17:43:47.505601: info-->message has been sent to the email 
 id = hriiskesh.neogi@gmail.com
2022-05-17 17:43:50.479981 message has been sent to the email 
 id = rubin.309@gmail.com
2022-05-17 17:43:50.480995: info-->message has been sent to the email 
 id = rubin.309@gmail.com
2022-05-17 17:43:53.361292 message has been sent to the email 
 id = abniu@gmail.com
2022-05-17 17:43:53.362492: info-->message has been sent to the email 
 id = abniu@gmail.com
2022-05-17 17:43:56.332994 message has been sent to the email 
 id = abcd@gmail.com
2022-05-17 17:43:56.334286: info-->message has been sent to the email 
 id = abcd@gmail.com
2022-05-17 17:43:56.335235 message has been sent to the email 
 id = abcd@gmail.com
2022-05-17 17:43:56.335409: info-->message has been sent to the email 
 id = abcd@gmail.com
2022-06-06 20:35:30.731878 message has been sent to the email 
 id = hriiskesh.neogi@gmail.com
2022-06-06 20:35:30.738871: info-->message has been sent to the email 
 id = hriiskesh.neogi@gmail.com
2022-06-06 20:35:30.740885 message has been sent to the email 
 id = hriiskesh.neogi@gmail.com
2022-06-06 20:35:30.741849: info-->message has been sent to the email 
 id = hriiskesh.neogi@gmail.com
2022-06-06 20:37:14.618676 message has been sent to the email 
 id = hrisikesh.neogi@gmail.com
2022-06-06 20:37:14.620673: info-->message has been sent to the email 
 id = hrisikesh.neogi@gmail.com
2022-06-06 20:37:14.623665 message has been sent to the email 
 id = hrisikesh.neogi@gmail.com
2022-06-06 20:37:14.625692: info-->message has been sent to the email 
 id = hrisikesh.neogi@gmail.com
