2022-05-11 15:53:59.152458: info-->index page is being accessed
2022-05-11 15:54:14.015758 upload page is being accessed --> rendering the upload.html template
2022-05-11 15:54:14.016677: info-->upload page is being accessed --> rendering the upload.html template
2022-05-11 15:54:34.306822 upload page is being accessed
2022-05-11 15:54:34.307874: info-->upload page is being accessed
2022-05-11 15:54:34.309297 old file has been deleted
2022-05-11 15:54:34.309464: info-->old file has been deleted
2022-05-11 15:54:34.310835 file has been uploaded
2022-05-11 15:54:34.311007: info-->file has been uploaded
2022-05-11 15:57:57.143677 upload page is being accessed
2022-05-11 15:57:57.144558: info-->upload page is being accessed
2022-05-11 15:57:57.145604 old file has been deleted
2022-05-11 15:57:57.146070: info-->old file has been deleted
2022-05-11 15:57:57.149629 file has been uploaded
2022-05-11 15:57:57.149814: info-->file has been uploaded
2022-05-11 16:03:00.116817 upload page is being accessed
2022-05-11 16:03:00.116987: info-->upload page is being accessed
2022-05-11 16:03:00.117262 old file has been deleted
2022-05-11 16:03:00.117394: info-->old file has been deleted
2022-05-11 16:03:00.118566 file has been uploaded
2022-05-11 16:03:00.118716: info-->file has been uploaded
2022-05-11 16:03:00.189337 email sending page is being accessed --> rendering the email.html template
2022-05-11 16:03:00.189502: info-->email sending page is being accessed --> rendering the email.html template
2022-05-11 16:06:23.629216 upload page is being accessed --> rendering the upload.html template
2022-05-11 16:06:23.629664: info-->upload page is being accessed --> rendering the upload.html template
2022-05-11 16:06:33.932954 upload page is being accessed
2022-05-11 16:06:33.933210: info-->upload page is being accessed
2022-05-11 16:06:33.933589 old file has been deleted
2022-05-11 16:06:33.933763: info-->old file has been deleted
2022-05-11 16:06:33.936136 file has been uploaded
2022-05-11 16:06:33.936321: info-->file has been uploaded
2022-05-11 16:06:34.026822 email sending page is being accessed --> rendering the email.html template
2022-05-11 16:06:34.026997: info-->email sending page is being accessed --> rendering the email.html template
2022-05-11 16:09:05.309514 upload page is being accessed --> rendering the upload.html template
2022-05-11 16:09:05.310029: info-->upload page is being accessed --> rendering the upload.html template
2022-05-11 16:09:13.405763 upload page is being accessed
2022-05-11 16:09:13.406861: info-->upload page is being accessed
2022-05-11 16:09:13.408516 old file has been deleted
2022-05-11 16:09:13.409240: info-->old file has been deleted
2022-05-11 16:09:13.411573 file has been uploaded
2022-05-11 16:09:13.411707: info-->file has been uploaded
2022-05-11 16:09:13.473211 csv file has been uploaded
2022-05-11 16:09:13.473357: info-->csv file has been uploaded
2022-05-11 16:09:13.475818 email sending page is being accessed --> rendering the email.html template
2022-05-11 16:09:13.476064: info-->email sending page is being accessed --> rendering the email.html template
2022-05-11 16:12:41.269274 upload page is being accessed --> rendering the upload.html template
2022-05-11 16:12:41.270528: info-->upload page is being accessed --> rendering the upload.html template
2022-05-11 16:12:48.331355 upload page is being accessed
2022-05-11 16:12:48.332079: info-->upload page is being accessed
2022-05-11 16:12:48.333305 old file has been deleted
2022-05-11 16:12:48.333931: info-->old file has been deleted
2022-05-11 16:12:48.336615 file has been uploaded
2022-05-11 16:12:48.336810: info-->file has been uploaded
2022-05-11 16:12:48.415378 csv file has been uploaded
2022-05-11 16:12:48.415523: info-->csv file has been uploaded
2022-05-11 16:12:48.417934 email sending page is being accessed --> rendering the email.html template
2022-05-11 16:12:48.418138: info-->email sending page is being accessed --> rendering the email.html template
2022-05-11 16:13:55.681402 upload page is being accessed --> rendering the upload.html template
2022-05-11 16:13:55.682141: info-->upload page is being accessed --> rendering the upload.html template
2022-05-11 16:14:02.513786 upload page is being accessed
2022-05-11 16:14:02.514766: info-->upload page is being accessed
2022-05-11 16:14:02.516233 old file has been deleted
2022-05-11 16:14:02.516380: info-->old file has been deleted
2022-05-11 16:14:02.518723 file has been uploaded
2022-05-11 16:14:02.518876: info-->file has been uploaded
2022-05-11 16:14:02.561433 csv file has been uploaded
2022-05-11 16:14:02.561579: info-->csv file has been uploaded
2022-05-11 16:14:02.564198 email sending page is being accessed --> rendering the email.html template
2022-05-11 16:14:02.564385: info-->email sending page is being accessed --> rendering the email.html template
2022-05-11 16:17:53.680949 upload page is being accessed --> rendering the upload.html template
2022-05-11 16:17:53.681801: info-->upload page is being accessed --> rendering the upload.html template
2022-05-11 16:17:54.731249 upload page is being accessed --> rendering the upload.html template
2022-05-11 16:17:54.731776: info-->upload page is being accessed --> rendering the upload.html template
2022-05-11 16:18:06.164177 upload page is being accessed
2022-05-11 16:18:06.164406: info-->upload page is being accessed
2022-05-11 16:18:06.164726 old file has been deleted
2022-05-11 16:18:06.164923: info-->old file has been deleted
2022-05-11 16:18:06.166147 file has been uploaded
2022-05-11 16:18:06.166347: info-->file has been uploaded
2022-05-11 16:18:06.247816 csv file has been uploaded
2022-05-11 16:18:06.247976: info-->csv file has been uploaded
2022-05-11 16:18:06.250475 email sending page is being accessed --> rendering the email.html template
2022-05-11 16:18:06.250669: info-->email sending page is being accessed --> rendering the email.html template
2022-05-11 16:19:58.129600 upload page is being accessed --> rendering the upload.html template
2022-05-11 16:19:58.129848: info-->upload page is being accessed --> rendering the upload.html template
2022-05-11 16:20:05.170005 upload page is being accessed
2022-05-11 16:20:05.170186: info-->upload page is being accessed
2022-05-11 16:20:05.170452 old file has been deleted
2022-05-11 16:20:05.170588: info-->old file has been deleted
2022-05-11 16:20:05.172598 file has been uploaded
2022-05-11 16:20:05.172742: info-->file has been uploaded
2022-05-11 16:20:05.220825 csv file has been uploaded
2022-05-11 16:20:05.220970: info-->csv file has been uploaded
2022-05-11 16:20:05.223431 email sending page is being accessed --> rendering the email.html template
2022-05-11 16:20:05.223625: info-->email sending page is being accessed --> rendering the email.html template
2022-05-11 16:21:00.738963 upload page is being accessed --> rendering the upload.html template
2022-05-11 16:21:00.739168: info-->upload page is being accessed --> rendering the upload.html template
2022-05-11 16:21:02.600276 upload page is being accessed
2022-05-11 16:21:02.601172: info-->upload page is being accessed
2022-05-11 16:21:02.601458 old file has been deleted
2022-05-11 16:21:02.601593: info-->old file has been deleted
2022-05-11 16:21:02.602717 file has been uploaded
2022-05-11 16:21:02.602849: info-->file has been uploaded
2022-05-11 16:21:02.622846 csv file has been uploaded
2022-05-11 16:21:02.623019: info-->csv file has been uploaded
2022-05-11 16:21:02.625855 email sending page is being accessed --> rendering the email.html template
2022-05-11 16:21:02.626088: info-->email sending page is being accessed --> rendering the email.html template
2022-05-11 16:21:45.784077 upload page is being accessed --> rendering the upload.html template
2022-05-11 16:21:45.784618: info-->upload page is being accessed --> rendering the upload.html template
2022-05-11 16:21:47.817265 upload page is being accessed
2022-05-11 16:21:47.818111: info-->upload page is being accessed
2022-05-11 16:21:47.818881 old file has been deleted
2022-05-11 16:21:47.819123: info-->old file has been deleted
2022-05-11 16:21:47.820504 file has been uploaded
2022-05-11 16:21:47.820640: info-->file has been uploaded
2022-05-11 16:21:47.897203 csv file has been uploaded
2022-05-11 16:21:47.897353: info-->csv file has been uploaded
2022-05-11 16:21:47.899750 email sending page is being accessed --> rendering the email.html template
2022-05-11 16:21:47.899938: info-->email sending page is being accessed --> rendering the email.html template
2022-05-11 16:22:03.787726 upload page is being accessed --> rendering the upload.html template
2022-05-11 16:22:03.788856: info-->upload page is being accessed --> rendering the upload.html template
2022-05-11 16:22:05.062768 upload page is being accessed
2022-05-11 16:22:05.063896: info-->upload page is being accessed
2022-05-11 16:22:05.064272 old file has been deleted
2022-05-11 16:22:05.064481: info-->old file has been deleted
2022-05-11 16:22:05.065542 file has been uploaded
2022-05-11 16:22:05.065680: info-->file has been uploaded
2022-05-11 16:22:05.439989 csv file has been uploaded
2022-05-11 16:22:05.440211: info-->csv file has been uploaded
2022-05-11 16:22:05.442958 email sending page is being accessed --> rendering the email.html template
2022-05-11 16:22:05.443135: info-->email sending page is being accessed --> rendering the email.html template
2022-05-11 16:39:28.215809 index page is being accessed
2022-05-11 16:39:28.216038: info-->index page is being accessed
2022-05-11 16:39:31.256325 upload page is being accessed --> rendering the upload.html template
2022-05-11 16:39:31.256848: info-->upload page is being accessed --> rendering the upload.html template
2022-05-11 16:39:46.836694 upload page is being accessed
2022-05-11 16:39:46.836876: info-->upload page is being accessed
2022-05-11 16:39:46.837163 old file has been deleted
2022-05-11 16:39:46.837300: info-->old file has been deleted
2022-05-11 16:39:46.838440 file has been uploaded
2022-05-11 16:39:46.838581: info-->file has been uploaded
2022-05-11 16:39:46.932334 csv file has been uploaded
2022-05-11 16:39:46.932576: info-->csv file has been uploaded
2022-05-11 16:39:46.936626 email sending page is being accessed --> rendering the email.html template
2022-05-11 16:39:46.936910: info-->email sending page is being accessed --> rendering the email.html template
2022-05-11 16:40:55.735679 upload page is being accessed --> rendering the upload.html template
2022-05-11 16:40:55.735850: info-->upload page is being accessed --> rendering the upload.html template
2022-05-11 16:41:07.719699 upload page is being accessed
2022-05-11 16:41:07.720527: info-->upload page is being accessed
2022-05-11 16:41:07.721811 old file has been deleted
2022-05-11 16:41:07.722577: info-->old file has been deleted
2022-05-11 16:41:07.726165 file has been uploaded
2022-05-11 16:41:07.726297: info-->file has been uploaded
2022-05-11 16:41:07.806871 csv file has been uploaded
2022-05-11 16:41:07.807116: info-->csv file has been uploaded
2022-05-11 16:41:07.811134 email sending page is being accessed --> rendering the email.html template
2022-05-11 16:41:07.811352: info-->email sending page is being accessed --> rendering the email.html template
2022-05-11 16:42:00.738957 upload page is being accessed --> rendering the upload.html template
2022-05-11 16:42:00.740128: info-->upload page is being accessed --> rendering the upload.html template
2022-05-11 16:42:02.222837 upload page is being accessed
2022-05-11 16:42:02.223504: info-->upload page is being accessed
2022-05-11 16:42:02.224487 old file has been deleted
2022-05-11 16:42:02.225015: info-->old file has been deleted
2022-05-11 16:42:02.229913 file has been uploaded
2022-05-11 16:42:02.230276: info-->file has been uploaded
2022-05-11 16:42:02.255642 csv file has been uploaded
2022-05-11 16:42:02.256039: info-->csv file has been uploaded
2022-05-11 16:42:02.260265 email sending page is being accessed --> rendering the email.html template
2022-05-11 16:42:02.260477: info-->email sending page is being accessed --> rendering the email.html template
2022-05-11 16:43:15.845237 upload page is being accessed --> rendering the upload.html template
2022-05-11 16:43:15.845896: info-->upload page is being accessed --> rendering the upload.html template
2022-05-11 16:43:16.947978 upload page is being accessed
2022-05-11 16:43:16.948779: info-->upload page is being accessed
2022-05-11 16:43:16.949823 old file has been deleted
2022-05-11 16:43:16.950357: info-->old file has been deleted
2022-05-11 16:43:16.954868 file has been uploaded
2022-05-11 16:43:16.955080: info-->file has been uploaded
2022-05-11 16:43:17.019795 csv file has been uploaded
2022-05-11 16:43:17.019966: info-->csv file has been uploaded
2022-05-11 16:43:17.023694 email sending page is being accessed --> rendering the email.html template
2022-05-11 16:43:17.023904: info-->email sending page is being accessed --> rendering the email.html template
2022-05-11 16:45:20.755715 upload page is being accessed --> rendering the upload.html template
2022-05-11 16:45:20.756572: info-->upload page is being accessed --> rendering the upload.html template
2022-05-11 16:45:28.312406 upload page is being accessed
2022-05-11 16:45:28.312667: info-->upload page is being accessed
2022-05-11 16:45:28.312974 old file has been deleted
2022-05-11 16:45:28.313130: info-->old file has been deleted
2022-05-11 16:45:28.315063 file has been uploaded
2022-05-11 16:45:28.315214: info-->file has been uploaded
2022-05-11 16:45:28.371248 csv file has been uploaded
2022-05-11 16:45:28.371429: info-->csv file has been uploaded
2022-05-11 16:45:28.374991 email sending page is being accessed --> rendering the email.html template
2022-05-11 16:45:28.375177: info-->email sending page is being accessed --> rendering the email.html template
2022-05-11 16:49:28.301937 upload page is being accessed --> rendering the upload.html template
2022-05-11 16:49:28.302472: info-->upload page is being accessed --> rendering the upload.html template
2022-05-11 16:49:29.468714 upload page is being accessed
2022-05-11 16:49:29.469740: info-->upload page is being accessed
2022-05-11 16:49:29.470443 old file has been deleted
2022-05-11 16:49:29.470608: info-->old file has been deleted
2022-05-11 16:49:29.472506 file has been uploaded
2022-05-11 16:49:29.472671: info-->file has been uploaded
2022-05-11 16:49:29.562555 csv file has been uploaded
2022-05-11 16:49:29.562719: info-->csv file has been uploaded
2022-05-11 16:49:29.566429 email sending page is being accessed --> rendering the email.html template
2022-05-11 16:49:29.566656: info-->email sending page is being accessed --> rendering the email.html template
2022-05-11 16:50:50.493719 upload page is being accessed --> rendering the upload.html template
2022-05-11 16:50:50.494640: info-->upload page is being accessed --> rendering the upload.html template
2022-05-11 16:50:51.818346 upload page is being accessed
2022-05-11 16:50:51.819128: info-->upload page is being accessed
2022-05-11 16:50:51.820377 old file has been deleted
2022-05-11 16:50:51.820606: info-->old file has been deleted
2022-05-11 16:50:51.822341 file has been uploaded
2022-05-11 16:50:51.822478: info-->file has been uploaded
2022-05-11 16:50:51.958093 csv file has been uploaded
2022-05-11 16:50:51.958241: info-->csv file has been uploaded
2022-05-11 16:50:51.962844 email sending page is being accessed --> rendering the email.html template
2022-05-11 16:50:51.963098: info-->email sending page is being accessed --> rendering the email.html template
2022-05-11 16:53:08.979445 upload page is being accessed --> rendering the upload.html template
2022-05-11 16:53:08.980253: info-->upload page is being accessed --> rendering the upload.html template
2022-05-11 16:53:10.240980 upload page is being accessed
2022-05-11 16:53:10.241187: info-->upload page is being accessed
2022-05-11 16:53:10.241476 old file has been deleted
2022-05-11 16:53:10.241615: info-->old file has been deleted
2022-05-11 16:53:10.243543 file has been uploaded
2022-05-11 16:53:10.243732: info-->file has been uploaded
2022-05-11 16:53:10.300373 csv file has been uploaded
2022-05-11 16:53:10.300665: info-->csv file has been uploaded
2022-05-11 16:53:10.304470 email sending page is being accessed --> rendering the email.html template
2022-05-11 16:53:10.304705: info-->email sending page is being accessed --> rendering the email.html template
2022-05-11 16:53:56.741608 upload page is being accessed --> rendering the upload.html template
2022-05-11 16:53:56.742011: info-->upload page is being accessed --> rendering the upload.html template
2022-05-11 16:53:58.606239 upload page is being accessed
2022-05-11 16:53:58.606418: info-->upload page is being accessed
2022-05-11 16:53:58.606705 old file has been deleted
2022-05-11 16:53:58.606848: info-->old file has been deleted
2022-05-11 16:53:58.609708 file has been uploaded
2022-05-11 16:53:58.609858: info-->file has been uploaded
2022-05-11 16:53:58.636758 csv file has been uploaded
2022-05-11 16:53:58.637015: info-->csv file has been uploaded
2022-05-11 16:53:58.643698 email sending page is being accessed --> rendering the email.html template
2022-05-11 16:53:58.643936: info-->email sending page is being accessed --> rendering the email.html template
2022-05-11 16:54:33.615160 upload page is being accessed --> rendering the upload.html template
2022-05-11 16:54:33.615748: info-->upload page is being accessed --> rendering the upload.html template
2022-05-11 16:54:34.733922 upload page is being accessed
2022-05-11 16:54:34.734882: info-->upload page is being accessed
2022-05-11 16:54:34.736280 old file has been deleted
2022-05-11 16:54:34.736996: info-->old file has been deleted
2022-05-11 16:54:34.740142 file has been uploaded
2022-05-11 16:54:34.740281: info-->file has been uploaded
2022-05-11 16:54:34.874071 csv file has been uploaded
2022-05-11 16:54:34.874291: info-->csv file has been uploaded
2022-05-11 16:54:34.879409 email sending page is being accessed --> rendering the email.html template
2022-05-11 16:54:34.879630: info-->email sending page is being accessed --> rendering the email.html template
2022-05-11 17:00:27.954614 upload page is being accessed --> rendering the upload.html template
2022-05-11 17:00:27.955690: info-->upload page is being accessed --> rendering the upload.html template
2022-05-11 17:00:29.221716 upload page is being accessed
2022-05-11 17:00:29.222589: info-->upload page is being accessed
2022-05-11 17:00:29.223880 old file has been deleted
2022-05-11 17:00:29.224063: info-->old file has been deleted
2022-05-11 17:00:29.225980 file has been uploaded
2022-05-11 17:00:29.226176: info-->file has been uploaded
2022-05-11 17:00:29.284115 csv file has been uploaded
2022-05-11 17:00:29.284439: info-->csv file has been uploaded
2022-05-11 17:00:29.290474 email sending page is being accessed --> rendering the email.html template
2022-05-11 17:00:29.291745: info-->email sending page is being accessed --> rendering the email.html template
2022-05-11 17:07:47.261617 index page is being accessed
2022-05-11 17:07:47.261820: info-->index page is being accessed
2022-05-11 17:07:50.396840 upload page is being accessed --> rendering the upload.html template
2022-05-11 17:07:50.397300: info-->upload page is being accessed --> rendering the upload.html template
2022-05-11 17:07:59.539644 upload page is being accessed
2022-05-11 17:07:59.540029: info-->upload page is being accessed
2022-05-11 17:07:59.540633 old file has been deleted
2022-05-11 17:07:59.540939: info-->old file has been deleted
2022-05-11 17:07:59.542263 file has been uploaded
2022-05-11 17:07:59.542467: info-->file has been uploaded
2022-05-11 17:07:59.590201 csv file has been uploaded
2022-05-11 17:07:59.590394: info-->csv file has been uploaded
2022-05-11 17:07:59.595430 email sending page is being accessed --> rendering the email.html template
2022-05-11 17:07:59.595644: info-->email sending page is being accessed --> rendering the email.html template
2022-05-11 17:08:32.965702 upload page is being accessed --> rendering the upload.html template
2022-05-11 17:08:32.966936: info-->upload page is being accessed --> rendering the upload.html template
2022-05-11 17:08:34.005149 upload page is being accessed
2022-05-11 17:08:34.005510: info-->upload page is being accessed
2022-05-11 17:08:34.005836 old file has been deleted
2022-05-11 17:08:34.006000: info-->old file has been deleted
2022-05-11 17:08:34.008104 file has been uploaded
2022-05-11 17:08:34.008240: info-->file has been uploaded
2022-05-11 17:08:34.037361 csv file has been uploaded
2022-05-11 17:08:34.037675: info-->csv file has been uploaded
2022-05-11 17:08:34.043191 email sending page is being accessed --> rendering the email.html template
2022-05-11 17:08:34.043451: info-->email sending page is being accessed --> rendering the email.html template
2022-05-11 17:09:18.268809 upload page is being accessed --> rendering the upload.html template
2022-05-11 17:09:18.269025: info-->upload page is being accessed --> rendering the upload.html template
2022-05-11 17:09:19.368860 upload page is being accessed
2022-05-11 17:09:19.369995: info-->upload page is being accessed
2022-05-11 17:09:19.371495 old file has been deleted
2022-05-11 17:09:19.371696: info-->old file has been deleted
2022-05-11 17:09:19.373552 file has been uploaded
2022-05-11 17:09:19.373713: info-->file has been uploaded
2022-05-11 17:09:19.921046 csv file has been uploaded
2022-05-11 17:09:19.921810: info-->csv file has been uploaded
2022-05-11 17:09:19.932350 email sending page is being accessed --> rendering the email.html template
2022-05-11 17:09:19.934213: info-->email sending page is being accessed --> rendering the email.html template
2022-05-11 17:10:24.977381 upload page is being accessed --> rendering the upload.html template
2022-05-11 17:10:24.977890: info-->upload page is being accessed --> rendering the upload.html template
2022-05-11 17:10:26.198498 upload page is being accessed
2022-05-11 17:10:26.199285: info-->upload page is being accessed
2022-05-11 17:10:26.200706 old file has been deleted
2022-05-11 17:10:26.201181: info-->old file has been deleted
2022-05-11 17:10:26.202991 file has been uploaded
2022-05-11 17:10:26.203195: info-->file has been uploaded
2022-05-11 17:10:26.773234 csv file has been uploaded
2022-05-11 17:10:26.774230: info-->csv file has been uploaded
2022-05-11 17:10:26.779672 email sending page is being accessed --> rendering the email.html template
2022-05-11 17:10:26.779902: info-->email sending page is being accessed --> rendering the email.html template
2022-05-11 17:11:07.472949 upload page is being accessed --> rendering the upload.html template
2022-05-11 17:11:07.473185: info-->upload page is being accessed --> rendering the upload.html template
2022-05-11 17:11:08.666254 upload page is being accessed
2022-05-11 17:11:08.666594: info-->upload page is being accessed
2022-05-11 17:11:08.667187 old file has been deleted
2022-05-11 17:11:08.667489: info-->old file has been deleted
2022-05-11 17:11:08.670248 file has been uploaded
2022-05-11 17:11:08.670391: info-->file has been uploaded
2022-05-11 17:11:09.018543 csv file has been uploaded
2022-05-11 17:11:09.018748: info-->csv file has been uploaded
2022-05-11 17:11:09.025874 email sending page is being accessed --> rendering the email.html template
2022-05-11 17:11:09.031863: info-->email sending page is being accessed --> rendering the email.html template
2022-05-11 17:11:31.328689 upload page is being accessed --> rendering the upload.html template
2022-05-11 17:11:31.329380: info-->upload page is being accessed --> rendering the upload.html template
2022-05-11 17:11:32.405258 upload page is being accessed
2022-05-11 17:11:32.406182: info-->upload page is being accessed
2022-05-11 17:11:32.407497 old file has been deleted
2022-05-11 17:11:32.407815: info-->old file has been deleted
2022-05-11 17:11:32.409667 file has been uploaded
2022-05-11 17:11:32.409807: info-->file has been uploaded
2022-05-11 17:11:32.923696 csv file has been uploaded
2022-05-11 17:11:32.924504: info-->csv file has been uploaded
2022-05-11 17:11:32.934796 email sending page is being accessed --> rendering the email.html template
2022-05-11 17:11:32.935460: info-->email sending page is being accessed --> rendering the email.html template
2022-05-11 17:39:16.733118 upload page is being accessed --> rendering the upload.html template
2022-05-11 17:39:16.734006: info-->upload page is being accessed --> rendering the upload.html template
2022-05-11 17:39:23.339426 upload page is being accessed
2022-05-11 17:39:23.340356: info-->upload page is being accessed
2022-05-11 17:39:23.341911 old file has been deleted
2022-05-11 17:39:23.342798: info-->old file has been deleted
2022-05-11 17:39:23.346202 file has been uploaded
2022-05-11 17:39:23.346356: info-->file has been uploaded
2022-05-11 17:39:24.024166 csv file has been uploaded
2022-05-11 17:39:24.025171: info-->csv file has been uploaded
2022-05-11 17:39:24.042118 email sending page is being accessed --> rendering the email.html template
2022-05-11 17:39:24.043211: info-->email sending page is being accessed --> rendering the email.html template
2022-05-11 17:39:56.894925 upload page is being accessed --> rendering the upload.html template
2022-05-11 17:39:56.895202: info-->upload page is being accessed --> rendering the upload.html template
2022-05-11 17:39:57.909169 upload page is being accessed
2022-05-11 17:39:57.909934: info-->upload page is being accessed
2022-05-11 17:39:57.911303 old file has been deleted
2022-05-11 17:39:57.911484: info-->old file has been deleted
2022-05-11 17:39:57.913357 file has been uploaded
2022-05-11 17:39:57.913498: info-->file has been uploaded
2022-05-11 17:39:58.564774 csv file has been uploaded
2022-05-11 17:39:58.565693: info-->csv file has been uploaded
2022-05-11 17:39:58.581739 email sending page is being accessed --> rendering the email.html template
2022-05-11 17:39:58.582640: info-->email sending page is being accessed --> rendering the email.html template
2022-05-17 17:36:00.384630 index page is being accessed
2022-05-17 17:36:00.729876: info-->index page is being accessed
2022-05-17 17:36:04.648233 upload page is being accessed --> rendering the upload.html template
2022-05-17 17:36:04.648901: info-->upload page is being accessed --> rendering the upload.html template
2022-05-17 17:36:11.238453 upload page is being accessed
2022-05-17 17:36:11.239483: info-->upload page is being accessed
2022-05-17 17:36:11.240698 old file has been deleted
2022-05-17 17:36:11.240843: info-->old file has been deleted
2022-05-17 17:36:11.242028 file has been uploaded
2022-05-17 17:36:11.242159: info-->file has been uploaded
2022-05-17 17:36:11.321292 csv file has been uploaded
2022-05-17 17:36:11.321446: info-->csv file has been uploaded
2022-05-17 17:36:11.325249 email sending page is being accessed --> rendering the email.html template
2022-05-17 17:36:11.325427: info-->email sending page is being accessed --> rendering the email.html template
2022-05-17 17:36:42.388993 email sending page is being accessed
2022-05-17 17:36:42.389343: info-->email sending page is being accessed
2022-05-17 17:36:55.296220 message has been sent to the emails
2022-05-17 17:36:55.297186: info-->message has been sent to the emails
2022-05-17 17:43:42.493493 email sending page is being accessed --> rendering the email.html template
2022-05-17 17:43:42.494333: info-->email sending page is being accessed --> rendering the email.html template
2022-05-17 17:43:44.335171 email sending page is being accessed
2022-05-17 17:43:44.336244: info-->email sending page is being accessed
2022-05-17 17:43:56.335676 message has been sent to the emails
2022-05-17 17:43:56.335850: info-->message has been sent to the emails
2022-05-17 17:44:01.863225 email sending page is being accessed --> rendering the email.html template
2022-05-17 17:44:01.864019: info-->email sending page is being accessed --> rendering the email.html template
2022-05-17 17:44:02.510819 upload page is being accessed --> rendering the upload.html template
2022-05-17 17:44:02.511368: info-->upload page is being accessed --> rendering the upload.html template
2022-05-17 17:44:09.980585 upload page is being accessed --> rendering the upload.html template
2022-05-17 17:44:09.980845: info-->upload page is being accessed --> rendering the upload.html template
2022-05-17 17:44:15.874876 upload page is being accessed
2022-05-17 17:44:15.875305: info-->upload page is being accessed
2022-05-17 17:44:15.969730 old file has been deleted
2022-05-17 17:44:15.970449: info-->old file has been deleted
2022-05-17 17:44:15.972058 file has been uploaded
2022-05-17 17:44:15.972223: info-->file has been uploaded
2022-05-17 17:44:16.054320 csv file has been uploaded
2022-05-17 17:44:16.054506: info-->csv file has been uploaded
2022-05-17 17:44:16.058966 email sending page is being accessed --> rendering the email.html template
2022-05-17 17:44:16.059167: info-->email sending page is being accessed --> rendering the email.html template
2022-05-17 17:44:40.307363 upload page is being accessed --> rendering the upload.html template
2022-05-17 17:44:40.308305: info-->upload page is being accessed --> rendering the upload.html template
2022-05-17 17:44:41.696535 upload page is being accessed
2022-05-17 17:44:41.696694: info-->upload page is being accessed
2022-05-17 17:44:41.696983 old file has been deleted
2022-05-17 17:44:41.697148: info-->old file has been deleted
2022-05-17 17:44:41.699269 file has been uploaded
2022-05-17 17:44:41.699416: info-->file has been uploaded
2022-05-17 17:44:41.803593 csv file has been uploaded
2022-05-17 17:44:41.804442: info-->csv file has been uploaded
2022-05-17 17:44:41.809943 email sending page is being accessed --> rendering the email.html template
2022-05-17 17:44:41.810138: info-->email sending page is being accessed --> rendering the email.html template
2022-05-17 17:45:36.076551 upload page is being accessed --> rendering the upload.html template
2022-05-17 17:45:36.077061: info-->upload page is being accessed --> rendering the upload.html template
2022-05-17 17:45:40.160414 upload page is being accessed
2022-05-17 17:45:40.160585: info-->upload page is being accessed
2022-05-17 17:45:40.160857 old file has been deleted
2022-05-17 17:45:40.160984: info-->old file has been deleted
2022-05-17 17:45:40.163000 file has been uploaded
2022-05-17 17:45:40.163145: info-->file has been uploaded
2022-05-17 17:45:40.942384 csv file has been uploaded
2022-05-17 17:45:40.943325: info-->csv file has been uploaded
2022-05-17 17:45:40.947219 email sending page is being accessed --> rendering the email.html template
2022-05-17 17:45:40.947411: info-->email sending page is being accessed --> rendering the email.html template
2022-06-06 20:33:49.644187 index page is being accessed
2022-06-06 20:33:49.743265: info-->index page is being accessed
2022-06-06 20:34:01.451568 upload page is being accessed --> rendering the upload.html template
2022-06-06 20:34:01.456555: info-->upload page is being accessed --> rendering the upload.html template
2022-06-06 20:34:52.391288 email sending page is being accessed --> rendering the email.html template
2022-06-06 20:34:52.394409: info-->email sending page is being accessed --> rendering the email.html template
2022-06-06 20:35:24.798613 email sending page is being accessed
2022-06-06 20:35:24.803599: info-->email sending page is being accessed
2022-06-06 20:35:30.741849 message has been sent to the emails
2022-06-06 20:35:30.742866: info-->message has been sent to the emails
2022-06-06 20:36:55.307303 email sending page is being accessed --> rendering the email.html template
2022-06-06 20:36:55.310333: info-->email sending page is being accessed --> rendering the email.html template
2022-06-06 20:37:09.198174 email sending page is being accessed
2022-06-06 20:37:09.201166: info-->email sending page is being accessed
2022-06-06 20:37:14.626689 message has been sent to the emails
2022-06-06 20:37:14.627656: info-->message has been sent to the emails
